Determining if the pthread_create exist failed with the following output:
Change Dir: /home/bohuan/catkin_test/src/map/cmake-build-debug/CMakeFiles/CMakeTmp

Run Build Command:"/usr/bin/make" "cmTC_18778/fast"
/usr/bin/make -f CMakeFiles/cmTC_18778.dir/build.make CMakeFiles/cmTC_18778.dir/build
make[1]: Entering directory '/home/bohuan/catkin_test/src/map/cmake-build-debug/CMakeFiles/CMakeTmp'
Building C object CMakeFiles/cmTC_18778.dir/CheckSymbolExists.c.o
/usr/bin/cc    -o CMakeFiles/cmTC_18778.dir/CheckSymbolExists.c.o   -c /home/bohuan/catkin_test/src/map/cmake-build-debug/CMakeFiles/CMakeTmp/CheckSymbolExists.c
Linking C executable cmTC_18778
/home/bohuan/clion-2017.3/bin/cmake/bin/cmake -E cmake_link_script CMakeFiles/cmTC_18778.dir/link.txt --verbose=1
/usr/bin/cc      -rdynamic CMakeFiles/cmTC_18778.dir/CheckSymbolExists.c.o  -o cmTC_18778 
CMakeFiles/cmTC_18778.dir/CheckSymbolExists.c.o：在函数‘main’中：
CheckSymbolExists.c:(.text+0x16)：对‘pthread_create’未定义的引用
collect2: error: ld returned 1 exit status
CMakeFiles/cmTC_18778.dir/build.make:97: recipe for target 'cmTC_18778' failed
make[1]: *** [cmTC_18778] Error 1
make[1]: Leaving directory '/home/bohuan/catkin_test/src/map/cmake-build-debug/CMakeFiles/CMakeTmp'
Makefile:126: recipe for target 'cmTC_18778/fast' failed
make: *** [cmTC_18778/fast] Error 2

File /home/bohuan/catkin_test/src/map/cmake-build-debug/CMakeFiles/CMakeTmp/CheckSymbolExists.c:
/* */
#include <pthread.h>

int main(int argc, char** argv)
{
  (void)argv;
#ifndef pthread_create
  return ((int*)(&pthread_create))[argc];
#else
  (void)argc;
  return 0;
#endif
}

Determining if the function pthread_create exists in the pthreads failed with the following output:
Change Dir: /home/bohuan/catkin_test/src/map/cmake-build-debug/CMakeFiles/CMakeTmp

Run Build Command:"/usr/bin/make" "cmTC_594a4/fast"
/usr/bin/make -f CMakeFiles/cmTC_594a4.dir/build.make CMakeFiles/cmTC_594a4.dir/build
make[1]: Entering directory '/home/bohuan/catkin_test/src/map/cmake-build-debug/CMakeFiles/CMakeTmp'
Building C object CMakeFiles/cmTC_594a4.dir/CheckFunctionExists.c.o
/usr/bin/cc   -DCHECK_FUNCTION_EXISTS=pthread_create   -o CMakeFiles/cmTC_594a4.dir/CheckFunctionExists.c.o   -c /home/bohuan/clion-2017.3/bin/cmake/share/cmake-3.9/Modules/CheckFunctionExists.c
Linking C executable cmTC_594a4
/home/bohuan/clion-2017.3/bin/cmake/bin/cmake -E cmake_link_script CMakeFiles/cmTC_594a4.dir/link.txt --verbose=1
/usr/bin/cc  -DCHECK_FUNCTION_EXISTS=pthread_create    -rdynamic CMakeFiles/cmTC_594a4.dir/CheckFunctionExists.c.o  -o cmTC_594a4 -lpthreads 
/usr/bin/ld: 找不到 -lpthreads
collect2: error: ld returned 1 exit status
CMakeFiles/cmTC_594a4.dir/build.make:97: recipe for target 'cmTC_594a4' failed
make[1]: *** [cmTC_594a4] Error 1
make[1]: Leaving directory '/home/bohuan/catkin_test/src/map/cmake-build-debug/CMakeFiles/CMakeTmp'
Makefile:126: recipe for target 'cmTC_594a4/fast' failed
make: *** [cmTC_594a4/fast] Error 2


